# JRE version: OpenJDK Runtime Environment (14.0.2+12) (build 14.0.2+12-46)
# Java VM: OpenJDK 64-Bit Server VM (14.0.2+12-46, mixed mode, tiered, compressed oops, g1 gc, windows-amd64)
Heap:
 garbage-first heap   total 56320K, used 27948K [0x0000000703c00000, 0x0000000800000000)
  region size 1024K, 19 young (19456K), 1 survivors (1024K)
 Metaspace       used 25361K, capacity 26067K, committed 26368K, reserved 1073152K
  class space    used 2956K, capacity 3219K, committed 3328K, reserved 1048576K
GC Heap History (20 events):
Event: 170.241 GC heap before
{Heap before GC invocations=27 (full 0):
 garbage-first heap   total 30720K, used 12514K [0x0000000703c00000, 0x0000000800000000)
  region size 1024K, 2 young (2048K), 1 survivors (1024K)
 Metaspace       used 25276K, capacity 25988K, committed 26112K, reserved 1073152K
  class space    used 2952K, capacity 3216K, committed 3328K, reserved 1048576K
}
Event: 170.243 GC heap after
{Heap after GC invocations=28 (full 0):
 garbage-first heap   total 30720K, used 8942K [0x0000000703c00000, 0x0000000800000000)
  region size 1024K, 2 young (2048K), 2 survivors (2048K)
 Metaspace       used 25276K, capacity 25988K, committed 26112K, reserved 1073152K
  class space    used 2952K, capacity 3216K, committed 3328K, reserved 1048576K
}
Event: 170.267 GC heap before
{Heap before GC invocations=29 (full 0):
 garbage-first heap   total 30720K, used 13038K [0x0000000703c00000, 0x0000000800000000)
  region size 1024K, 3 young (3072K), 2 survivors (2048K)
 Metaspace       used 25276K, capacity 25988K, committed 26112K, reserved 1073152K
  class space    used 2952K, capacity 3216K, committed 3328K, reserved 1048576K
}
Event: 170.271 GC heap after
{Heap after GC invocations=30 (full 0):
 garbage-first heap   total 30720K, used 8428K [0x0000000703c00000, 0x0000000800000000)
  region size 1024K, 1 young (1024K), 1 survivors (1024K)
 Metaspace       used 25276K, capacity 25988K, committed 26112K, reserved 1073152K
  class space    used 2952K, capacity 3216K, committed 3328K, reserved 1048576K
}
Event: 170.317 GC heap before
{Heap before GC invocations=31 (full 0):
 garbage-first heap   total 30720K, used 12524K [0x0000000703c00000, 0x0000000800000000)
  region size 1024K, 2 young (2048K), 1 survivors (1024K)
 Metaspace       used 25276K, capacity 25988K, committed 26112K, reserved 1073152K
  class space    used 2952K, capacity 3216K, committed 3328K, reserved 1048576K
}
Event: 170.320 GC heap after
{Heap after GC invocations=32 (full 0):
 garbage-first heap   total 30720K, used 8457K [0x0000000703c00000, 0x0000000800000000)
  region size 1024K, 1 young (1024K), 1 survivors (1024K)
 Metaspace       used 25276K, capacity 25988K, committed 26112K, reserved 1073152K
  class space    used 2952K, capacity 3216K, committed 3328K, reserved 1048576K
}
Event: 170.350 GC heap before
{Heap before GC invocations=33 (full 0):
 garbage-first heap   total 30720K, used 12553K [0x0000000703c00000, 0x0000000800000000)
  region size 1024K, 2 young (2048K), 1 survivors (1024K)
 Metaspace       used 25276K, capacity 25988K, committed 26112K, reserved 1073152K
  class space    used 2952K, capacity 3216K, committed 3328K, reserved 1048576K
}
Event: 170.353 GC heap after
{Heap after GC invocations=34 (full 0):
 garbage-first heap   total 30720K, used 8460K [0x0000000703c00000, 0x0000000800000000)
  region size 1024K, 1 young (1024K), 1 survivors (1024K)
 Metaspace       used 25276K, capacity 25988K, committed 26112K, reserved 1073152K
  class space    used 2952K, capacity 3216K, committed 3328K, reserved 1048576K
}
Event: 170.417 GC heap before
{Heap before GC invocations=35 (full 0):
 garbage-first heap   total 30720K, used 12556K [0x0000000703c00000, 0x0000000800000000)
  region size 1024K, 2 young (2048K), 1 survivors (1024K)
 Metaspace       used 25276K, capacity 25988K, committed 26112K, reserved 1073152K
  class space    used 2952K, capacity 3216K, committed 3328K, reserved 1048576K
}
Event: 170.419 GC heap after
{Heap after GC invocations=36 (full 0):
 garbage-first heap   total 30720K, used 8445K [0x0000000703c00000, 0x0000000800000000)
  region size 1024K, 1 young (1024K), 1 survivors (1024K)
 Metaspace       used 25276K, capacity 25988K, committed 26112K, reserved 1073152K
  class space    used 2952K, capacity 3216K, committed 3328K, reserved 1048576K
}
Event: 170.531 GC heap before
{Heap before GC invocations=37 (full 0):
 garbage-first heap   total 30720K, used 12541K [0x0000000703c00000, 0x0000000800000000)
  region size 1024K, 2 young (2048K), 1 survivors (1024K)
 Metaspace       used 25276K, capacity 25988K, committed 26112K, reserved 1073152K
  class space    used 2952K, capacity 3216K, committed 3328K, reserved 1048576K
}
Event: 170.535 GC heap after
{Heap after GC invocations=38 (full 0):
 garbage-first heap   total 145408K, used 8475K [0x0000000703c00000, 0x0000000800000000)
  region size 1024K, 1 young (1024K), 1 survivors (1024K)
 Metaspace       used 25276K, capacity 25988K, committed 26112K, reserved 1073152K
  class space    used 2952K, capacity 3216K, committed 3328K, reserved 1048576K
}
Event: 170.753 GC heap before
{Heap before GC invocations=39 (full 0):
 garbage-first heap   total 55296K, used 25883K [0x0000000703c00000, 0x0000000800000000)
  region size 1024K, 3 young (3072K), 1 survivors (1024K)
 Metaspace       used 25276K, capacity 25988K, committed 26112K, reserved 1073152K
  class space    used 2952K, capacity 3216K, committed 3328K, reserved 1048576K
}
Event: 170.756 GC heap after
{Heap after GC invocations=40 (full 0):
 garbage-first heap   total 55296K, used 8475K [0x0000000703c00000, 0x0000000800000000)
  region size 1024K, 1 young (1024K), 1 survivors (1024K)
 Metaspace       used 25276K, capacity 25988K, committed 26112K, reserved 1073152K
  class space    used 2952K, capacity 3216K, committed 3328K, reserved 1048576K
}
Event: 171.051 GC heap before
{Heap before GC invocations=41 (full 0):
 garbage-first heap   total 55296K, used 22811K [0x0000000703c00000, 0x0000000800000000)
  region size 1024K, 2 young (2048K), 1 survivors (1024K)
 Metaspace       used 25276K, capacity 25988K, committed 26112K, reserved 1073152K
  class space    used 2952K, capacity 3216K, committed 3328K, reserved 1048576K
}
Event: 171.054 GC heap after
{Heap after GC invocations=42 (full 0):
 garbage-first heap   total 55296K, used 8471K [0x0000000703c00000, 0x0000000800000000)
  region size 1024K, 1 young (1024K), 1 survivors (1024K)
 Metaspace       used 25276K, capacity 25988K, committed 26112K, reserved 1073152K
  class space    used 2952K, capacity 3216K, committed 3328K, reserved 1048576K
}
Event: 176.841 GC heap before
{Heap before GC invocations=43 (full 0):
 garbage-first heap   total 54272K, used 51479K [0x0000000703c00000, 0x0000000800000000)
  region size 1024K, 3 young (3072K), 1 survivors (1024K)
 Metaspace       used 25307K, capacity 25988K, committed 26112K, reserved 1073152K
  class space    used 2952K, capacity 3216K, committed 3328K, reserved 1048576K
}
Event: 176.844 GC heap after
{Heap after GC invocations=44 (full 0):
 garbage-first heap   total 56320K, used 10541K [0x0000000703c00000, 0x0000000800000000)
  region size 1024K, 1 young (1024K), 1 survivors (1024K)
 Metaspace       used 25307K, capacity 25988K, committed 26112K, reserved 1073152K
  class space    used 2952K, capacity 3216K, committed 3328K, reserved 1048576K
}
Event: 177.699 GC heap before
{Heap before GC invocations=44 (full 0):
 garbage-first heap   total 56320K, used 11565K [0x0000000703c00000, 0x0000000800000000)
  region size 1024K, 2 young (2048K), 1 survivors (1024K)
 Metaspace       used 25309K, capacity 25988K, committed 26112K, reserved 1073152K
  class space    used 2952K, capacity 3216K, committed 3328K, reserved 1048576K
}
Event: 177.700 GC heap after
{Heap after GC invocations=45 (full 0):
 garbage-first heap   total 56320K, used 10540K [0x0000000703c00000, 0x0000000800000000)
  region size 1024K, 1 young (1024K), 1 survivors (1024K)
 Metaspace       used 25309K, capacity 25988K, committed 26112K, reserved 1073152K
  class space    used 2952K, capacity 3216K, committed 3328K, reserved 1048576K
}

